<?xml version="1.0" encoding="UTF-8"?>
<testsuite name="com.dokong.board.domain.ProductTest" tests="3" skipped="0" failures="0" errors="0" timestamp="2023-03-17T07:26:59" hostname="jeongminhwan-ui-MacBookAir.local" time="0.053">
  <properties/>
  <testcase name="removeStockException()" classname="com.dokong.board.domain.ProductTest" time="0.013"/>
  <testcase name="addStock()" classname="com.dokong.board.domain.ProductTest" time="0.039"/>
  <testcase name="removeStock()" classname="com.dokong.board.domain.ProductTest" time="0.0"/>
  <system-out><![CDATA[]]></system-out>
  <system-err><![CDATA[]]></system-err>
</testsuite>
