<?xml version="1.0" encoding="UTF-8"?>
<testsuite name="com.dokong.board.domain.CartProductTest" tests="1" skipped="0" failures="0" errors="0" timestamp="2023-03-17T09:43:18" hostname="jeongminhwan-ui-MacBookAir.local" time="0.059">
  <properties/>
  <testcase name="장바구니_생성" classname="com.dokong.board.domain.CartProductTest" time="0.059"/>
  <system-out><![CDATA[]]></system-out>
  <system-err><![CDATA[]]></system-err>
</testsuite>
